2025-09-20 16:34:17,115 - dotenv.main - WARNING - [with_warn_for_invalid_lines:28] - Python-dotenv could not parse statement starting at line 18
2025-09-20 16:34:17,117 - dotenv.main - WARNING - [with_warn_for_invalid_lines:28] - Python-dotenv could not parse statement starting at line 19
2025-09-20 16:34:17,117 - dotenv.main - WARNING - [with_warn_for_invalid_lines:28] - Python-dotenv could not parse statement starting at line 20
2025-09-20 16:34:17,117 - dotenv.main - WARNING - [with_warn_for_invalid_lines:28] - Python-dotenv could not parse statement starting at line 21
2025-09-20 16:34:17,117 - dotenv.main - WARNING - [with_warn_for_invalid_lines:28] - Python-dotenv could not parse statement starting at line 22
2025-09-20 16:34:17,117 - dotenv.main - WARNING - [with_warn_for_invalid_lines:28] - Python-dotenv could not parse statement starting at line 23
2025-09-20 16:34:17,117 - dotenv.main - WARNING - [with_warn_for_invalid_lines:28] - Python-dotenv could not parse statement starting at line 24
2025-09-20 16:34:17,117 - dotenv.main - WARNING - [with_warn_for_invalid_lines:28] - Python-dotenv could not parse statement starting at line 25
2025-09-20 16:34:17,117 - dotenv.main - WARNING - [with_warn_for_invalid_lines:28] - Python-dotenv could not parse statement starting at line 26
2025-09-20 16:34:17,117 - dotenv.main - WARNING - [with_warn_for_invalid_lines:28] - Python-dotenv could not parse statement starting at line 27
2025-09-20 16:34:17,117 - dotenv.main - WARNING - [with_warn_for_invalid_lines:28] - Python-dotenv could not parse statement starting at line 28
2025-09-20 16:34:17,117 - __main__ - INFO - [main:535] - ============================================================
2025-09-20 16:34:17,117 - __main__ - INFO - [main:536] - 🚀 Starting Enhanced Firestore to Google Sheets Sync
2025-09-20 16:34:17,125 - __main__ - INFO - [main:537] - ============================================================
2025-09-20 16:34:17,125 - __main__ - INFO - [validate_environment:527] - ✅ All environment variables validated
2025-09-20 16:34:17,125 - __main__ - INFO - [main:551] - 📋 Configuration:
2025-09-20 16:34:17,125 - __main__ - INFO - [main:552] -    • Collection: acnEnquiries
2025-09-20 16:34:17,125 - __main__ - INFO - [main:553] -    • Spreadsheet: 1pkGrC3RQRxVwkEcb8AZyhT3KICKadw0IW9udkQsQh5k
2025-09-20 16:34:17,125 - __main__ - INFO - [main:554] -    • Sheet: Enquiries from firebase Sheet
2025-09-20 16:34:17,127 - __main__ - INFO - [main:555] -    • Target columns: A-O (15 columns)
2025-09-20 16:34:17,127 - __main__ - INFO - [main:558] - 🔧 Initializing connections...
2025-09-20 16:34:17,201 - __main__ - INFO - [initialize_firebase:148] - ✅ Firebase initialized successfully.
2025-09-20 16:34:17,201 - __main__ - INFO - [initialize_firebase:152] - ✅ Firestore client created.
2025-09-20 16:34:17,305 - __main__ - INFO - [get_sheets_service:172] - ✅ Google Sheets API initialized successfully.
2025-09-20 16:34:17,305 - __main__ - INFO - [main:563] - 📥 Fetching data from Firestore...
2025-09-20 16:34:17,305 - __main__ - INFO - [fetch_firestore_data_with_pagination:307] - 🔍 Fetching from collection: acnEnquiries
2025-09-20 16:34:19,797 - __main__ - INFO - [fetch_firestore_data_with_pagination:319] - 📊 Fetched 1000 documents so far...
2025-09-20 16:34:21,613 - __main__ - INFO - [fetch_firestore_data_with_pagination:319] - 📊 Fetched 2000 documents so far...
2025-09-20 16:34:23,609 - __main__ - INFO - [fetch_firestore_data_with_pagination:319] - 📊 Fetched 3000 documents so far...
2025-09-20 16:34:25,737 - __main__ - INFO - [fetch_firestore_data_with_pagination:319] - 📊 Fetched 4000 documents so far...
2025-09-20 16:34:27,561 - __main__ - INFO - [fetch_firestore_data_with_pagination:319] - 📊 Fetched 5000 documents so far...
2025-09-20 16:34:29,493 - __main__ - INFO - [fetch_firestore_data_with_pagination:319] - 📊 Fetched 6000 documents so far...
2025-09-20 16:34:31,277 - __main__ - INFO - [fetch_firestore_data_with_pagination:319] - 📊 Fetched 7000 documents so far...
2025-09-20 16:34:33,240 - __main__ - INFO - [fetch_firestore_data_with_pagination:319] - 📊 Fetched 8000 documents so far...
2025-09-20 16:34:35,131 - __main__ - INFO - [fetch_firestore_data_with_pagination:319] - 📊 Fetched 9000 documents so far...
2025-09-20 16:34:36,735 - __main__ - INFO - [fetch_firestore_data_with_pagination:319] - 📊 Fetched 10000 documents so far...
2025-09-20 16:34:38,335 - __main__ - INFO - [fetch_firestore_data_with_pagination:319] - 📊 Fetched 11000 documents so far...
2025-09-20 16:34:40,297 - __main__ - INFO - [fetch_firestore_data_with_pagination:319] - 📊 Fetched 12000 documents so far...
2025-09-20 16:34:41,927 - __main__ - INFO - [fetch_firestore_data_with_pagination:319] - 📊 Fetched 13000 documents so far...
2025-09-20 16:34:43,907 - __main__ - INFO - [fetch_firestore_data_with_pagination:319] - 📊 Fetched 14000 documents so far...
2025-09-20 16:34:45,758 - __main__ - INFO - [fetch_firestore_data_with_pagination:319] - 📊 Fetched 15000 documents so far...
2025-09-20 16:34:47,497 - __main__ - INFO - [fetch_firestore_data_with_pagination:319] - 📊 Fetched 16000 documents so far...
2025-09-20 16:34:49,356 - __main__ - INFO - [fetch_firestore_data_with_pagination:319] - 📊 Fetched 17000 documents so far...
2025-09-20 16:34:51,201 - __main__ - INFO - [fetch_firestore_data_with_pagination:319] - 📊 Fetched 18000 documents so far...
2025-09-20 16:34:53,028 - __main__ - INFO - [fetch_firestore_data_with_pagination:319] - 📊 Fetched 19000 documents so far...
2025-09-20 16:34:53,945 - __main__ - INFO - [fetch_firestore_data_with_pagination:319] - 📊 Fetched 19147 documents so far...
2025-09-20 16:34:53,945 - __main__ - INFO - [fetch_firestore_data_with_pagination:334] - 📈 Total documents to process: 19147
2025-09-20 16:34:53,945 - __main__ - INFO - [process_document_batch:251] - 🔄 Processing batch 1 (1000 documents)...
2025-09-20 16:34:53,956 - __main__ - INFO - [process_document_batch:251] - 🔄 Processing batch 2 (1000 documents)...
2025-09-20 16:34:53,959 - __main__ - INFO - [process_document_batch:251] - 🔄 Processing batch 3 (1000 documents)...
2025-09-20 16:34:53,961 - __main__ - INFO - [process_document_batch:251] - 🔄 Processing batch 4 (1000 documents)...
2025-09-20 16:34:54,416 - __main__ - INFO - [process_document_batch:298] - ✅ Batch 1 processed: 1000 documents
2025-09-20 16:34:54,468 - __main__ - INFO - [process_document_batch:251] - 🔄 Processing batch 5 (1000 documents)...
2025-09-20 16:34:54,469 - __main__ - INFO - [process_document_batch:298] - ✅ Batch 4 processed: 1000 documents
2025-09-20 16:34:54,481 - __main__ - INFO - [process_document_batch:298] - ✅ Batch 2 processed: 1000 documents
2025-09-20 16:34:54,481 - __main__ - INFO - [process_document_batch:298] - ✅ Batch 3 processed: 1000 documents
2025-09-20 16:34:54,481 - __main__ - INFO - [fetch_firestore_data_with_pagination:350] - 📊 Progress: 1000/19147 (5.2%)
2025-09-20 16:34:54,529 - __main__ - INFO - [process_document_batch:251] - 🔄 Processing batch 6 (1000 documents)...
2025-09-20 16:34:54,554 - __main__ - INFO - [process_document_batch:251] - 🔄 Processing batch 7 (1000 documents)...
2025-09-20 16:34:54,580 - __main__ - INFO - [process_document_batch:251] - 🔄 Processing batch 8 (1000 documents)...
2025-09-20 16:34:54,627 - __main__ - INFO - [fetch_firestore_data_with_pagination:350] - 📊 Progress: 2000/19147 (10.4%)
2025-09-20 16:34:54,630 - __main__ - INFO - [process_document_batch:298] - ✅ Batch 5 processed: 1000 documents
2025-09-20 16:34:54,738 - __main__ - INFO - [fetch_firestore_data_with_pagination:350] - 📊 Progress: 3000/19147 (15.7%)
2025-09-20 16:34:54,864 - __main__ - INFO - [process_document_batch:251] - 🔄 Processing batch 9 (1000 documents)...
2025-09-20 16:34:54,889 - __main__ - INFO - [process_document_batch:298] - ✅ Batch 6 processed: 1000 documents
2025-09-20 16:34:54,914 - __main__ - INFO - [fetch_firestore_data_with_pagination:350] - 📊 Progress: 4000/19147 (20.9%)
2025-09-20 16:34:54,921 - __main__ - INFO - [process_document_batch:298] - ✅ Batch 8 processed: 1000 documents
2025-09-20 16:34:55,014 - __main__ - INFO - [process_document_batch:298] - ✅ Batch 7 processed: 1000 documents
2025-09-20 16:34:55,014 - __main__ - INFO - [process_document_batch:251] - 🔄 Processing batch 10 (1000 documents)...
2025-09-20 16:34:55,037 - __main__ - INFO - [fetch_firestore_data_with_pagination:350] - 📊 Progress: 5000/19147 (26.1%)
2025-09-20 16:34:55,053 - __main__ - INFO - [process_document_batch:251] - 🔄 Processing batch 11 (1000 documents)...
2025-09-20 16:34:55,094 - __main__ - INFO - [process_document_batch:251] - 🔄 Processing batch 12 (1000 documents)...
2025-09-20 16:34:55,140 - __main__ - INFO - [process_document_batch:298] - ✅ Batch 9 processed: 1000 documents
2025-09-20 16:34:55,187 - __main__ - INFO - [fetch_firestore_data_with_pagination:350] - 📊 Progress: 6000/19147 (31.3%)
2025-09-20 16:34:55,387 - __main__ - INFO - [process_document_batch:251] - 🔄 Processing batch 13 (1000 documents)...
2025-09-20 16:34:55,404 - __main__ - INFO - [fetch_firestore_data_with_pagination:350] - 📊 Progress: 7000/19147 (36.6%)
2025-09-20 16:34:55,447 - __main__ - INFO - [process_document_batch:298] - ✅ Batch 10 processed: 1000 documents
2025-09-20 16:34:55,624 - __main__ - INFO - [fetch_firestore_data_with_pagination:350] - 📊 Progress: 8000/19147 (41.8%)
2025-09-20 16:34:55,708 - __main__ - INFO - [process_document_batch:298] - ✅ Batch 13 processed: 1000 documents
2025-09-20 16:34:55,708 - __main__ - INFO - [process_document_batch:251] - 🔄 Processing batch 14 (1000 documents)...
2025-09-20 16:34:55,716 - __main__ - INFO - [process_document_batch:298] - ✅ Batch 12 processed: 1000 documents
2025-09-20 16:34:55,743 - __main__ - INFO - [fetch_firestore_data_with_pagination:350] - 📊 Progress: 9000/19147 (47.0%)
2025-09-20 16:34:55,747 - __main__ - INFO - [process_document_batch:298] - ✅ Batch 11 processed: 1000 documents
2025-09-20 16:34:55,747 - __main__ - INFO - [process_document_batch:251] - 🔄 Processing batch 15 (1000 documents)...
2025-09-20 16:34:55,769 - __main__ - INFO - [process_document_batch:251] - 🔄 Processing batch 16 (1000 documents)...
2025-09-20 16:34:55,786 - __main__ - INFO - [fetch_firestore_data_with_pagination:350] - 📊 Progress: 10000/19147 (52.2%)
2025-09-20 16:34:55,817 - __main__ - INFO - [process_document_batch:251] - 🔄 Processing batch 17 (1000 documents)...
2025-09-20 16:34:55,944 - __main__ - INFO - [fetch_firestore_data_with_pagination:350] - 📊 Progress: 11000/19147 (57.5%)
2025-09-20 16:34:56,020 - __main__ - INFO - [process_document_batch:298] - ✅ Batch 14 processed: 1000 documents
2025-09-20 16:34:56,020 - __main__ - INFO - [fetch_firestore_data_with_pagination:350] - 📊 Progress: 12000/19147 (62.7%)
2025-09-20 16:34:56,072 - __main__ - INFO - [process_document_batch:251] - 🔄 Processing batch 18 (1000 documents)...
2025-09-20 16:34:56,187 - __main__ - INFO - [fetch_firestore_data_with_pagination:350] - 📊 Progress: 13000/19147 (67.9%)
2025-09-20 16:34:56,313 - __main__ - INFO - [process_document_batch:298] - ✅ Batch 15 processed: 1000 documents
2025-09-20 16:34:56,334 - __main__ - INFO - [process_document_batch:298] - ✅ Batch 17 processed: 1000 documents
2025-09-20 16:34:56,378 - __main__ - INFO - [fetch_firestore_data_with_pagination:350] - 📊 Progress: 14000/19147 (73.1%)
2025-09-20 16:34:56,451 - __main__ - INFO - [process_document_batch:251] - 🔄 Processing batch 19 (1000 documents)...
2025-09-20 16:34:56,494 - __main__ - INFO - [process_document_batch:251] - 🔄 Processing batch 20 (147 documents)...
2025-09-20 16:34:56,503 - __main__ - INFO - [process_document_batch:298] - ✅ Batch 16 processed: 1000 documents
2025-09-20 16:34:56,524 - __main__ - INFO - [fetch_firestore_data_with_pagination:350] - 📊 Progress: 15000/19147 (78.3%)
2025-09-20 16:34:56,590 - __main__ - INFO - [process_document_batch:298] - ✅ Batch 18 processed: 1000 documents
2025-09-20 16:34:56,653 - __main__ - INFO - [process_document_batch:298] - ✅ Batch 20 processed: 147 documents
2025-09-20 16:34:56,718 - __main__ - INFO - [fetch_firestore_data_with_pagination:350] - 📊 Progress: 16000/19147 (83.6%)
2025-09-20 16:34:56,762 - __main__ - INFO - [process_document_batch:298] - ✅ Batch 19 processed: 1000 documents
2025-09-20 16:34:56,762 - __main__ - INFO - [fetch_firestore_data_with_pagination:350] - 📊 Progress: 17000/19147 (88.8%)
2025-09-20 16:34:56,764 - __main__ - INFO - [fetch_firestore_data_with_pagination:350] - 📊 Progress: 18000/19147 (94.0%)
2025-09-20 16:34:56,764 - __main__ - INFO - [fetch_firestore_data_with_pagination:350] - 📊 Progress: 18147/19147 (94.8%)
2025-09-20 16:34:56,764 - __main__ - INFO - [fetch_firestore_data_with_pagination:350] - 📊 Progress: 19147/19147 (100.0%)
2025-09-20 16:34:56,787 - __main__ - INFO - [fetch_firestore_data_with_pagination:361] - ✅ Successfully processed 19147 records
2025-09-20 16:34:56,828 - __main__ - INFO - [main:573] - 📤 Writing data to Google Sheets...
2025-09-20 16:34:56,828 - __main__ - INFO - [write_to_google_sheet_batch:392] - 📊 Writing 19147 rows across 15 columns (A-O)
2025-09-20 16:34:59,296 - __main__ - INFO - [write_to_google_sheet_batch:411] - 🧹 Clearing only columns A-O: Enquiries from firebase Sheet!A1:O
2025-09-20 16:35:00,278 - __main__ - INFO - [write_to_google_sheet_batch:441] - 📝 Writing 287220 cells (19148 rows × 15 columns)
2025-09-20 16:35:00,278 - __main__ - INFO - [write_to_google_sheet_batch:471] - 📦 Prepared batch: rows 1-10000
2025-09-20 16:35:00,278 - __main__ - INFO - [write_to_google_sheet_batch:471] - 📦 Prepared batch: rows 10001-19148
2025-09-20 16:35:14,241 - __main__ - INFO - [write_to_google_sheet_batch:483] - ✅ Updated 287220 cells across 2 batches
2025-09-20 16:35:55,664 - __main__ - INFO - [write_to_google_sheet_batch:504] - ✅ Column formatting applied
2025-09-20 16:35:55,664 - __main__ - INFO - [write_to_google_sheet_batch:506] - ✅ Successfully updated columns A-O without affecting other data
2025-09-20 16:35:55,678 - __main__ - INFO - [main:581] - ============================================================
2025-09-20 16:35:55,681 - __main__ - INFO - [main:582] - 🎉 SYNC COMPLETED SUCCESSFULLY!
2025-09-20 16:35:55,681 - __main__ - INFO - [main:583] - ============================================================
2025-09-20 16:35:55,683 - __main__ - INFO - [main:584] - 📊 Performance Metrics:
2025-09-20 16:35:55,683 - __main__ - INFO - [main:585] -    • Total records: 19,147
2025-09-20 16:35:55,683 - __main__ - INFO - [main:586] -    • Total duration: 98.56s
2025-09-20 16:35:55,683 - __main__ - INFO - [main:587] -    • Fetch duration: 39.52s
2025-09-20 16:35:55,685 - __main__ - INFO - [main:588] -    • Write duration: 58.85s
2025-09-20 16:35:55,687 - __main__ - INFO - [main:589] -    • Processing rate: 194.3 records/s
2025-09-20 16:35:55,687 - __main__ - INFO - [main:590] -    • Columns updated: A-O
2025-09-20 16:35:55,689 - __main__ - INFO - [main:591] - ============================================================
2025-09-20 16:35:55,691 - __main__ - INFO - [main:603] - ⏱️ Total execution time: 98.57 seconds
2025-09-20 16:38:36,928 - dotenv.main - WARNING - [with_warn_for_invalid_lines:28] - Python-dotenv could not parse statement starting at line 18
2025-09-20 16:38:36,929 - dotenv.main - WARNING - [with_warn_for_invalid_lines:28] - Python-dotenv could not parse statement starting at line 19
2025-09-20 16:38:36,929 - dotenv.main - WARNING - [with_warn_for_invalid_lines:28] - Python-dotenv could not parse statement starting at line 20
2025-09-20 16:38:36,929 - dotenv.main - WARNING - [with_warn_for_invalid_lines:28] - Python-dotenv could not parse statement starting at line 21
2025-09-20 16:38:36,930 - dotenv.main - WARNING - [with_warn_for_invalid_lines:28] - Python-dotenv could not parse statement starting at line 22
2025-09-20 16:38:36,930 - dotenv.main - WARNING - [with_warn_for_invalid_lines:28] - Python-dotenv could not parse statement starting at line 23
2025-09-20 16:38:36,930 - dotenv.main - WARNING - [with_warn_for_invalid_lines:28] - Python-dotenv could not parse statement starting at line 24
2025-09-20 16:38:36,931 - dotenv.main - WARNING - [with_warn_for_invalid_lines:28] - Python-dotenv could not parse statement starting at line 25
2025-09-20 16:38:36,931 - dotenv.main - WARNING - [with_warn_for_invalid_lines:28] - Python-dotenv could not parse statement starting at line 26
2025-09-20 16:38:36,931 - dotenv.main - WARNING - [with_warn_for_invalid_lines:28] - Python-dotenv could not parse statement starting at line 27
2025-09-20 16:38:36,931 - dotenv.main - WARNING - [with_warn_for_invalid_lines:28] - Python-dotenv could not parse statement starting at line 28
2025-09-20 16:38:36,933 - __main__ - INFO - [main:535] - ============================================================
2025-09-20 16:38:36,934 - __main__ - INFO - [main:536] - 🚀 Starting Enhanced Firestore to Google Sheets Sync
2025-09-20 16:38:36,934 - __main__ - INFO - [main:537] - ============================================================
2025-09-20 16:38:36,934 - __main__ - INFO - [validate_environment:527] - ✅ All environment variables validated
2025-09-20 16:38:36,934 - __main__ - INFO - [main:551] - 📋 Configuration:
2025-09-20 16:38:36,935 - __main__ - INFO - [main:552] -    • Collection: acnEnquiries
2025-09-20 16:38:36,935 - __main__ - INFO - [main:553] -    • Spreadsheet: 1pkGrC3RQRxVwkEcb8AZyhT3KICKadw0IW9udkQsQh5k
2025-09-20 16:38:36,935 - __main__ - INFO - [main:554] -    • Sheet: Enquiries from firebase Sheet
2025-09-20 16:38:36,935 - __main__ - INFO - [main:555] -    • Target columns: A-O (15 columns)
2025-09-20 16:38:36,936 - __main__ - INFO - [main:558] - 🔧 Initializing connections...
2025-09-20 16:38:36,990 - __main__ - INFO - [initialize_firebase:148] - ✅ Firebase initialized successfully.
2025-09-20 16:38:36,990 - __main__ - INFO - [initialize_firebase:152] - ✅ Firestore client created.
2025-09-20 16:38:37,053 - __main__ - INFO - [get_sheets_service:172] - ✅ Google Sheets API initialized successfully.
2025-09-20 16:38:37,053 - __main__ - INFO - [main:563] - 📥 Fetching data from Firestore...
2025-09-20 16:38:37,053 - __main__ - INFO - [fetch_firestore_data_with_pagination:307] - 🔍 Fetching from collection: acnEnquiries
2025-09-20 16:38:40,590 - __main__ - INFO - [fetch_firestore_data_with_pagination:319] - 📊 Fetched 1000 documents so far...
2025-09-20 16:38:42,570 - __main__ - INFO - [fetch_firestore_data_with_pagination:319] - 📊 Fetched 2000 documents so far...
2025-09-20 16:38:44,524 - __main__ - INFO - [fetch_firestore_data_with_pagination:319] - 📊 Fetched 3000 documents so far...
2025-09-20 16:38:46,648 - __main__ - INFO - [fetch_firestore_data_with_pagination:319] - 📊 Fetched 4000 documents so far...
2025-09-20 16:38:48,336 - __main__ - INFO - [fetch_firestore_data_with_pagination:319] - 📊 Fetched 5000 documents so far...
2025-09-20 16:38:49,953 - __main__ - INFO - [fetch_firestore_data_with_pagination:319] - 📊 Fetched 6000 documents so far...
2025-09-20 16:38:51,559 - __main__ - INFO - [fetch_firestore_data_with_pagination:319] - 📊 Fetched 7000 documents so far...
2025-09-20 16:38:53,563 - __main__ - INFO - [fetch_firestore_data_with_pagination:319] - 📊 Fetched 8000 documents so far...
2025-09-20 16:38:55,593 - __main__ - INFO - [fetch_firestore_data_with_pagination:319] - 📊 Fetched 9000 documents so far...
2025-09-20 16:38:57,546 - __main__ - INFO - [fetch_firestore_data_with_pagination:319] - 📊 Fetched 10000 documents so far...
2025-09-20 16:38:59,267 - __main__ - INFO - [fetch_firestore_data_with_pagination:319] - 📊 Fetched 11000 documents so far...
2025-09-20 16:39:01,247 - __main__ - INFO - [fetch_firestore_data_with_pagination:319] - 📊 Fetched 12000 documents so far...
2025-09-20 16:39:02,892 - __main__ - INFO - [fetch_firestore_data_with_pagination:319] - 📊 Fetched 13000 documents so far...
2025-09-20 16:39:04,754 - __main__ - INFO - [fetch_firestore_data_with_pagination:319] - 📊 Fetched 14000 documents so far...
2025-09-20 16:39:06,618 - __main__ - INFO - [fetch_firestore_data_with_pagination:319] - 📊 Fetched 15000 documents so far...
2025-09-20 16:39:08,318 - __main__ - INFO - [fetch_firestore_data_with_pagination:319] - 📊 Fetched 16000 documents so far...
2025-09-20 16:39:10,112 - __main__ - INFO - [fetch_firestore_data_with_pagination:319] - 📊 Fetched 17000 documents so far...
2025-09-20 16:39:12,055 - __main__ - INFO - [fetch_firestore_data_with_pagination:319] - 📊 Fetched 18000 documents so far...
2025-09-20 16:39:13,755 - __main__ - INFO - [fetch_firestore_data_with_pagination:319] - 📊 Fetched 19000 documents so far...
2025-09-20 16:39:14,641 - __main__ - INFO - [fetch_firestore_data_with_pagination:319] - 📊 Fetched 19147 documents so far...
2025-09-20 16:39:14,642 - __main__ - INFO - [fetch_firestore_data_with_pagination:334] - 📈 Total documents to process: 19147
2025-09-20 16:39:14,645 - __main__ - INFO - [process_document_batch:251] - 🔄 Processing batch 1 (1000 documents)...
2025-09-20 16:39:14,648 - __main__ - INFO - [process_document_batch:251] - 🔄 Processing batch 2 (1000 documents)...
2025-09-20 16:39:14,650 - __main__ - INFO - [process_document_batch:251] - 🔄 Processing batch 3 (1000 documents)...
2025-09-20 16:39:14,654 - __main__ - INFO - [process_document_batch:251] - 🔄 Processing batch 4 (1000 documents)...
2025-09-20 16:39:15,027 - __main__ - INFO - [process_document_batch:298] - ✅ Batch 1 processed: 1000 documents
2025-09-20 16:39:15,065 - __main__ - INFO - [process_document_batch:298] - ✅ Batch 3 processed: 1000 documents
2025-09-20 16:39:15,106 - __main__ - INFO - [process_document_batch:251] - 🔄 Processing batch 5 (1000 documents)...
2025-09-20 16:39:15,122 - __main__ - INFO - [fetch_firestore_data_with_pagination:350] - 📊 Progress: 1000/19147 (5.2%)
2025-09-20 16:39:15,139 - __main__ - INFO - [process_document_batch:298] - ✅ Batch 4 processed: 1000 documents
2025-09-20 16:39:15,146 - __main__ - INFO - [process_document_batch:298] - ✅ Batch 2 processed: 1000 documents
2025-09-20 16:39:15,146 - __main__ - INFO - [process_document_batch:251] - 🔄 Processing batch 6 (1000 documents)...
2025-09-20 16:39:15,170 - __main__ - INFO - [fetch_firestore_data_with_pagination:350] - 📊 Progress: 2000/19147 (10.4%)
2025-09-20 16:39:15,218 - __main__ - INFO - [process_document_batch:251] - 🔄 Processing batch 7 (1000 documents)...
2025-09-20 16:39:15,250 - __main__ - INFO - [process_document_batch:251] - 🔄 Processing batch 8 (1000 documents)...
2025-09-20 16:39:15,389 - __main__ - INFO - [fetch_firestore_data_with_pagination:350] - 📊 Progress: 3000/19147 (15.7%)
2025-09-20 16:39:15,397 - __main__ - INFO - [process_document_batch:298] - ✅ Batch 5 processed: 1000 documents
2025-09-20 16:39:15,510 - __main__ - INFO - [fetch_firestore_data_with_pagination:350] - 📊 Progress: 4000/19147 (20.9%)
2025-09-20 16:39:15,586 - __main__ - INFO - [process_document_batch:298] - ✅ Batch 6 processed: 1000 documents
2025-09-20 16:39:15,617 - __main__ - INFO - [process_document_batch:251] - 🔄 Processing batch 9 (1000 documents)...
2025-09-20 16:39:15,699 - __main__ - INFO - [fetch_firestore_data_with_pagination:350] - 📊 Progress: 5000/19147 (26.1%)
2025-09-20 16:39:15,778 - __main__ - INFO - [process_document_batch:251] - 🔄 Processing batch 10 (1000 documents)...
2025-09-20 16:39:15,845 - __main__ - INFO - [process_document_batch:298] - ✅ Batch 7 processed: 1000 documents
2025-09-20 16:39:15,854 - __main__ - INFO - [process_document_batch:298] - ✅ Batch 8 processed: 1000 documents
2025-09-20 16:39:15,888 - __main__ - INFO - [fetch_firestore_data_with_pagination:350] - 📊 Progress: 6000/19147 (31.3%)
2025-09-20 16:39:15,905 - __main__ - INFO - [process_document_batch:298] - ✅ Batch 9 processed: 1000 documents
2025-09-20 16:39:15,935 - __main__ - INFO - [process_document_batch:251] - 🔄 Processing batch 11 (1000 documents)...
2025-09-20 16:39:15,951 - __main__ - INFO - [process_document_batch:251] - 🔄 Processing batch 12 (1000 documents)...
2025-09-20 16:39:15,967 - __main__ - INFO - [fetch_firestore_data_with_pagination:350] - 📊 Progress: 7000/19147 (36.6%)
2025-09-20 16:39:15,968 - __main__ - INFO - [process_document_batch:298] - ✅ Batch 10 processed: 1000 documents
2025-09-20 16:39:15,968 - __main__ - INFO - [process_document_batch:251] - 🔄 Processing batch 13 (1000 documents)...
2025-09-20 16:39:16,124 - __main__ - INFO - [fetch_firestore_data_with_pagination:350] - 📊 Progress: 8000/19147 (41.8%)
2025-09-20 16:39:16,156 - __main__ - INFO - [process_document_batch:251] - 🔄 Processing batch 14 (1000 documents)...
2025-09-20 16:39:16,208 - __main__ - INFO - [process_document_batch:298] - ✅ Batch 11 processed: 1000 documents
2025-09-20 16:39:16,219 - __main__ - INFO - [fetch_firestore_data_with_pagination:350] - 📊 Progress: 9000/19147 (47.0%)
2025-09-20 16:39:16,261 - __main__ - INFO - [process_document_batch:251] - 🔄 Processing batch 15 (1000 documents)...
2025-09-20 16:39:16,316 - __main__ - INFO - [fetch_firestore_data_with_pagination:350] - 📊 Progress: 10000/19147 (52.2%)
2025-09-20 16:39:16,482 - __main__ - INFO - [process_document_batch:298] - ✅ Batch 12 processed: 1000 documents
2025-09-20 16:39:16,508 - __main__ - INFO - [fetch_firestore_data_with_pagination:350] - 📊 Progress: 11000/19147 (57.5%)
2025-09-20 16:39:16,587 - __main__ - INFO - [process_document_batch:251] - 🔄 Processing batch 16 (1000 documents)...
2025-09-20 16:39:16,629 - __main__ - INFO - [process_document_batch:298] - ✅ Batch 14 processed: 1000 documents
2025-09-20 16:39:16,651 - __main__ - INFO - [fetch_firestore_data_with_pagination:350] - 📊 Progress: 12000/19147 (62.7%)
2025-09-20 16:39:16,679 - __main__ - INFO - [process_document_batch:298] - ✅ Batch 13 processed: 1000 documents
2025-09-20 16:39:16,784 - __main__ - INFO - [process_document_batch:251] - 🔄 Processing batch 17 (1000 documents)...
2025-09-20 16:39:16,869 - __main__ - INFO - [process_document_batch:298] - ✅ Batch 15 processed: 1000 documents
2025-09-20 16:39:16,869 - __main__ - INFO - [fetch_firestore_data_with_pagination:350] - 📊 Progress: 13000/19147 (67.9%)
2025-09-20 16:39:16,935 - __main__ - INFO - [process_document_batch:251] - 🔄 Processing batch 18 (1000 documents)...
2025-09-20 16:39:16,964 - __main__ - INFO - [process_document_batch:298] - ✅ Batch 16 processed: 1000 documents
2025-09-20 16:39:17,015 - __main__ - INFO - [process_document_batch:251] - 🔄 Processing batch 19 (1000 documents)...
2025-09-20 16:39:17,031 - __main__ - INFO - [fetch_firestore_data_with_pagination:350] - 📊 Progress: 14000/19147 (73.1%)
2025-09-20 16:39:17,033 - __main__ - INFO - [process_document_batch:298] - ✅ Batch 17 processed: 1000 documents
2025-09-20 16:39:17,046 - __main__ - INFO - [process_document_batch:251] - 🔄 Processing batch 20 (147 documents)...
2025-09-20 16:39:17,111 - __main__ - INFO - [fetch_firestore_data_with_pagination:350] - 📊 Progress: 15000/19147 (78.3%)
2025-09-20 16:39:17,163 - __main__ - INFO - [process_document_batch:298] - ✅ Batch 18 processed: 1000 documents
2025-09-20 16:39:17,207 - __main__ - INFO - [process_document_batch:298] - ✅ Batch 20 processed: 147 documents
2025-09-20 16:39:17,223 - __main__ - INFO - [fetch_firestore_data_with_pagination:350] - 📊 Progress: 16000/19147 (83.6%)
2025-09-20 16:39:17,270 - __main__ - INFO - [fetch_firestore_data_with_pagination:350] - 📊 Progress: 17000/19147 (88.8%)
2025-09-20 16:39:17,301 - __main__ - INFO - [fetch_firestore_data_with_pagination:350] - 📊 Progress: 18000/19147 (94.0%)
2025-09-20 16:39:17,317 - __main__ - INFO - [fetch_firestore_data_with_pagination:350] - 📊 Progress: 18147/19147 (94.8%)
2025-09-20 16:39:17,325 - __main__ - INFO - [process_document_batch:298] - ✅ Batch 19 processed: 1000 documents
2025-09-20 16:39:17,325 - __main__ - INFO - [fetch_firestore_data_with_pagination:350] - 📊 Progress: 19147/19147 (100.0%)
2025-09-20 16:39:17,350 - __main__ - INFO - [fetch_firestore_data_with_pagination:361] - ✅ Successfully processed 19147 records
2025-09-20 16:39:17,383 - __main__ - INFO - [main:573] - 📤 Writing data to Google Sheets...
2025-09-20 16:39:17,383 - __main__ - INFO - [write_to_google_sheet_batch:392] - 📊 Writing 19147 rows across 15 columns (A-O)
2025-09-20 16:39:19,749 - __main__ - INFO - [write_to_google_sheet_batch:411] - 🧹 Clearing only columns A-O: Enquiries from firebase Sheet!A1:O
2025-09-20 16:39:20,458 - __main__ - INFO - [write_to_google_sheet_batch:441] - 📝 Writing 287220 cells (19148 rows × 15 columns)
2025-09-20 16:39:20,464 - __main__ - INFO - [write_to_google_sheet_batch:471] - 📦 Prepared batch: rows 1-10000
2025-09-20 16:39:20,464 - __main__ - INFO - [write_to_google_sheet_batch:471] - 📦 Prepared batch: rows 10001-19148
2025-09-20 16:39:35,311 - __main__ - INFO - [write_to_google_sheet_batch:483] - ✅ Updated 287220 cells across 2 batches
2025-09-20 16:40:15,930 - __main__ - INFO - [write_to_google_sheet_batch:504] - ✅ Column formatting applied
2025-09-20 16:40:15,930 - __main__ - INFO - [write_to_google_sheet_batch:506] - ✅ Successfully updated columns A-O without affecting other data
2025-09-20 16:40:15,940 - __main__ - INFO - [main:581] - ============================================================
2025-09-20 16:40:15,940 - __main__ - INFO - [main:582] - 🎉 SYNC COMPLETED SUCCESSFULLY!
2025-09-20 16:40:15,940 - __main__ - INFO - [main:583] - ============================================================
2025-09-20 16:40:15,940 - __main__ - INFO - [main:584] - 📊 Performance Metrics:
2025-09-20 16:40:15,940 - __main__ - INFO - [main:585] -    • Total records: 19,147
2025-09-20 16:40:15,940 - __main__ - INFO - [main:586] -    • Total duration: 99.01s
2025-09-20 16:40:15,946 - __main__ - INFO - [main:587] -    • Fetch duration: 40.33s
2025-09-20 16:40:15,947 - __main__ - INFO - [main:588] -    • Write duration: 58.56s
2025-09-20 16:40:15,947 - __main__ - INFO - [main:589] -    • Processing rate: 193.4 records/s
2025-09-20 16:40:15,947 - __main__ - INFO - [main:590] -    • Columns updated: A-O
2025-09-20 16:40:15,949 - __main__ - INFO - [main:591] - ============================================================
2025-09-20 16:40:15,950 - __main__ - INFO - [main:603] - ⏱️ Total execution time: 99.02 seconds
